<?xml version="1.0" encoding="UTF-8"?>
<!-- Generated by org.testng.reporters.JUnitXMLReporter -->
<testsuite hostname="PC-RAVI-BODDU" ignored="0" name="Test" tests="2" failures="2" timestamp="29 Apr 2017 08:17:30 GMT" time="118.378" errors="0">
  <testcase name="runOBC" time="51.079" classname="obc.OBCTrans">
    <failure type="java.lang.AssertionError" message="expected [true] but found [false]">
      <![CDATA[java.lang.AssertionError: expected [true] but found [false]
	at obc.Function.generateStatement(Function.java:79)
	at obc.OBCTrans.runOBC(OBCTrans.java:68)
... Removed 29 stack frames]]>
    </failure>
  </testcase> <!-- runOBC -->
  <testcase name="runOBC" time="51.357" classname="obc.OBCTrans">
    <failure type="java.lang.AssertionError" message="expected [true] but found [false]">
      <![CDATA[java.lang.AssertionError: expected [true] but found [false]
	at obc.Function.generateStatement(Function.java:79)
	at obc.OBCTrans.runOBC(OBCTrans.java:68)
... Removed 29 stack frames]]>
    </failure>
  </testcase> <!-- runOBC -->
</testsuite> <!-- Test -->
