<?xml version="1.0" encoding="UTF-8"?>
<!-- Generated by org.testng.reporters.JUnitXMLReporter -->
<testsuite hostname="DESKTOP-O4G2OQC" ignored="0" name="Test" tests="13" failures="0" timestamp="30 Apr 2017 11:20:04 GMT" time="3.549" errors="0">
  <testcase name="@BeforeClass setUp" time="0.0" classname="obc.OBCTrans">
    <failure type="org.openqa.selenium.WebDriverException" message="java.nio.file.FileSystemException: C:\Users\RAVIKI~1\AppData\Local\Temp\new-session9109618015888075876.json: The process cannot access the file because it is being used by another process.

Build info: version: &amp;apos;unknown&amp;apos;, revision: &amp;apos;5234b32&amp;apos;, time: &amp;apos;2017-03-10 09:00:17 -0800&amp;apos;
System info: host: &amp;apos;DESKTOP-O4G2OQC&amp;apos;, ip: &amp;apos;192.168.0.103&amp;apos;, os.name: &amp;apos;Windows 10&amp;apos;, os.arch: &amp;apos;amd64&amp;apos;, os.version: &amp;apos;10.0&amp;apos;, java.version: &amp;apos;1.8.0_101&amp;apos;
Driver info: driver.version: ChromeDriver">
      <![CDATA[org.openqa.selenium.WebDriverException: java.nio.file.FileSystemException: C:\Users\RAVIKI~1\AppData\Local\Temp\new-session9109618015888075876.json: The process cannot access the file because it is being used by another process.

Build info: version: 'unknown', revision: '5234b32', time: '2017-03-10 09:00:17 -0800'
System info: host: 'DESKTOP-O4G2OQC', ip: '192.168.0.103', os.name: 'Windows 10', os.arch: 'amd64', os.version: '10.0', java.version: '1.8.0_101'
Driver info: driver.version: ChromeDriver
	at org.openqa.selenium.remote.service.DriverCommandExecutor.execute(DriverCommandExecutor.java:91)
	at org.openqa.selenium.remote.RemoteWebDriver.execute(RemoteWebDriver.java:604)
	at org.openqa.selenium.remote.RemoteWebDriver.startSession(RemoteWebDriver.java:244)
	at org.openqa.selenium.remote.RemoteWebDriver.<init>(RemoteWebDriver.java:131)
	at org.openqa.selenium.remote.RemoteWebDriver.<init>(RemoteWebDriver.java:144)
	at org.openqa.selenium.chrome.ChromeDriver.<init>(ChromeDriver.java:178)
	at org.openqa.selenium.chrome.ChromeDriver.<init>(ChromeDriver.java:146)
	at obc.OBCTrans.setUp(OBCTrans.java:59)
Caused by: java.nio.file.FileSystemException: C:\Users\RAVIKI~1\AppData\Local\Temp\new-session9109618015888075876.json: The process cannot access the file because it is being used by another process.

	at sun.nio.fs.WindowsException.translateToIOException(Unknown Source)
	at sun.nio.fs.WindowsException.rethrowAsIOException(Unknown Source)
	at sun.nio.fs.WindowsException.rethrowAsIOException(Unknown Source)
	at sun.nio.fs.WindowsFileSystemProvider.implDelete(Unknown Source)
	at sun.nio.fs.AbstractFileSystemProvider.deleteIfExists(Unknown Source)
	at java.nio.file.Files.deleteIfExists(Unknown Source)
	at org.openqa.selenium.remote.ProtocolHandshake.createSession(ProtocolHandshake.java:122)
	at org.openqa.selenium.remote.HttpCommandExecutor.execute(HttpCommandExecutor.java:141)
	at org.openqa.selenium.remote.service.DriverCommandExecutor.execute(DriverCommandExecutor.java:82)
	... 32 more
... Removed 25 stack frames]]>
    </failure>
  </testcase> <!-- @BeforeClass setUp -->
  <testcase name="@AfterClass clear" time="0.0" classname="obc.OBCTrans">
    <skipped/>
  </testcase> <!-- @AfterClass clear -->
  <testcase name="runOBC" time="0.001" classname="obc.OBCTrans">
    <skipped/>
  </testcase> <!-- runOBC -->
  <testcase name="runOBC" time="0.004" classname="obc.OBCTrans">
    <skipped/>
  </testcase> <!-- runOBC -->
  <testcase name="runOBC" time="0.002" classname="obc.OBCTrans">
    <skipped/>
  </testcase> <!-- runOBC -->
  <testcase name="runOBC" time="0.001" classname="obc.OBCTrans">
    <skipped/>
  </testcase> <!-- runOBC -->
  <testcase name="runOBC" time="0.001" classname="obc.OBCTrans">
    <skipped/>
  </testcase> <!-- runOBC -->
  <testcase name="runOBC" time="0.002" classname="obc.OBCTrans">
    <skipped/>
  </testcase> <!-- runOBC -->
  <testcase name="runOBC" time="0.006" classname="obc.OBCTrans">
    <skipped/>
  </testcase> <!-- runOBC -->
  <testcase name="runOBC" time="0.001" classname="obc.OBCTrans">
    <skipped/>
  </testcase> <!-- runOBC -->
  <testcase name="runOBC" time="0.002" classname="obc.OBCTrans">
    <skipped/>
  </testcase> <!-- runOBC -->
  <testcase name="runOBC" time="0.004" classname="obc.OBCTrans">
    <skipped/>
  </testcase> <!-- runOBC -->
  <testcase name="runOBC" time="0.002" classname="obc.OBCTrans">
    <skipped/>
  </testcase> <!-- runOBC -->
  <testcase name="runOBC" time="0.002" classname="obc.OBCTrans">
    <skipped/>
  </testcase> <!-- runOBC -->
  <testcase name="runOBC" time="0.006" classname="obc.OBCTrans">
    <skipped/>
  </testcase> <!-- runOBC -->
</testsuite> <!-- Test -->
